app/build/intermediates/manifest_merge_blame_file/debug/manifest-merger-blame-debug-report.txt
1<?xml version="1.0" encoding="utf-8"?>
2<manifest xmlns:android="http://schemas.android.com/apk/res/android"
3    package="com.jeeto.cricket"
4    android:versionCode="1"
5    android:versionName="1.0" >
6
7    <uses-sdk
8        android:minSdkVersion="21"
8-->src\main\AndroidManifest.xml
9        android:targetSdkVersion="33" />
9-->src\main\AndroidManifest.xml
10
11    <uses-feature
11-->src\main\AndroidManifest.xml:5:5-7:36
12        android:name="android.hardware.telephony"
12-->src\main\AndroidManifest.xml:6:9-50
13        android:required="false" />
13-->src\main\AndroidManifest.xml:7:9-33
14    <uses-feature
14-->src\main\AndroidManifest.xml:8:5-10:36
15        android:name="android.hardware.camera"
15-->src\main\AndroidManifest.xml:9:9-47
16        android:required="false" />
16-->src\main\AndroidManifest.xml:10:9-33
17
18    <uses-permission android:name="android.permission.INTERNET" />
18-->src\main\AndroidManifest.xml:12:5-67
18-->src\main\AndroidManifest.xml:12:22-64
19    <uses-permission android:name="android.permission.ACCESS_NETWORK_STATE" />
19-->src\main\AndroidManifest.xml:13:5-79
19-->src\main\AndroidManifest.xml:13:22-76
20    <uses-permission android:name="android.permission.CALL_PHONE" />
20-->src\main\AndroidManifest.xml:14:5-69
20-->src\main\AndroidManifest.xml:14:22-66
21    <uses-permission android:name="android.permission.POST_NOTIFICATIONS" />
21-->src\main\AndroidManifest.xml:15:5-77
21-->src\main\AndroidManifest.xml:15:22-74
22    <!-- <uses-permission android:name="android.permission.RECEIVE_SMS" /> -->
23    <!-- <uses-permission android:name="android.permission.READ_SMS" /> -->
24    <uses-permission android:name="android.permission.READ_PHONE_STATE" />
24-->src\main\AndroidManifest.xml:18:5-75
24-->src\main\AndroidManifest.xml:18:22-72
25    <uses-permission android:name="android.permission.READ_EXTERNAL_STORAGE" />
25-->src\main\AndroidManifest.xml:19:5-80
25-->src\main\AndroidManifest.xml:19:22-77
26    <uses-permission android:name="android.permission.WRITE_EXTERNAL_STORAGE" />
26-->src\main\AndroidManifest.xml:20:5-81
26-->src\main\AndroidManifest.xml:20:22-78
27    <uses-permission android:name="android.permission.REQUEST_INSTALL_PACKAGES" />
27-->src\main\AndroidManifest.xml:21:5-83
27-->src\main\AndroidManifest.xml:21:22-80
28    <uses-permission android:name="android.permission.CAMERA" />
28-->src\main\AndroidManifest.xml:22:5-65
28-->src\main\AndroidManifest.xml:22:22-62
29    <uses-permission android:name="android.permission.REQUEST_INSTALL_PACKAGES " />
29-->src\main\AndroidManifest.xml:23:5-84
29-->src\main\AndroidManifest.xml:23:22-81
30    <uses-permission
30-->[com.payumoney.sdkui:plug-n-play:1.4.5] AndroidManifest.xml:13:5-70
31        android:name="android.permission.RECEIVE_SMS"
31-->[com.payumoney.sdkui:plug-n-play:1.4.5] AndroidManifest.xml:13:22-67
32        android:protectionLevel="signature" />
32-->[com.payu.custombrowser:payu-custom-browser:7.2.1] AndroidManifest.xml:14:9-44
33    <uses-permission android:name="android.permission.ACCESS_WIFI_STATE" /> <!-- Require below permissions for reading sms and otp assist feature -->
33-->[com.payumoney.core:payumoney-sdk:7.4.4] AndroidManifest.xml:13:5-76
33-->[com.payumoney.core:payumoney-sdk:7.4.4] AndroidManifest.xml:13:22-73
34    <uses-permission android:name="android.permission.READ_SMS" /> <!-- Required by older versions of Google Play services to create GCM registration tokens -->
34-->[com.payumoney.core:payumoney-sdk:7.4.4] AndroidManifest.xml:18:5-67
34-->[com.payumoney.core:payumoney-sdk:7.4.4] AndroidManifest.xml:18:22-64
35    <uses-permission android:name="com.google.android.c2dm.permission.RECEIVE" />
35-->[com.google.android.gms:play-services-gcm:12.0.1] AndroidManifest.xml:23:5-82
35-->[com.google.android.gms:play-services-gcm:12.0.1] AndroidManifest.xml:23:22-79
36    <uses-permission android:name="android.permission.WAKE_LOCK" />
36-->[com.google.firebase:firebase-analytics:12.0.1] AndroidManifest.xml:25:5-68
36-->[com.google.firebase:firebase-analytics:12.0.1] AndroidManifest.xml:25:22-65
37
38    <uses-feature
38-->[com.google.android.gms:play-services-maps:12.0.1] AndroidManifest.xml:26:5-28:35
39        android:glEsVersion="0x00020000"
39-->[com.google.android.gms:play-services-maps:12.0.1] AndroidManifest.xml:27:9-41
40        android:required="true" />
40-->[com.google.android.gms:play-services-maps:12.0.1] AndroidManifest.xml:28:9-32
41
42    <permission
42-->[com.google.firebase:firebase-iid:12.0.1] AndroidManifest.xml:28:5-30:47
43        android:name="com.jeeto.cricket.permission.C2D_MESSAGE"
43-->[com.google.firebase:firebase-iid:12.0.1] AndroidManifest.xml:29:9-63
44        android:protectionLevel="signature" />
44-->[com.google.firebase:firebase-iid:12.0.1] AndroidManifest.xml:30:9-44
45
46    <uses-permission android:name="com.jeeto.cricket.permission.C2D_MESSAGE" />
46-->[com.google.firebase:firebase-iid:12.0.1] AndroidManifest.xml:32:5-79
46-->[com.google.firebase:firebase-iid:12.0.1] AndroidManifest.xml:32:22-76
47
48    <permission
48-->[androidx.core:core:1.9.0] AndroidManifest.xml:22:5-24:47
49        android:name="com.jeeto.cricket.DYNAMIC_RECEIVER_NOT_EXPORTED_PERMISSION"
49-->[androidx.core:core:1.9.0] AndroidManifest.xml:23:9-81
50        android:protectionLevel="signature" />
50-->[androidx.core:core:1.9.0] AndroidManifest.xml:24:9-44
51
52    <uses-permission android:name="com.jeeto.cricket.DYNAMIC_RECEIVER_NOT_EXPORTED_PERMISSION" />
52-->[androidx.core:core:1.9.0] AndroidManifest.xml:26:5-97
52-->[androidx.core:core:1.9.0] AndroidManifest.xml:26:22-94
53
54    <application
54-->src\main\AndroidManifest.xml:25:5-216:19
55        android:name="com.jeeto.cricket.application.BaseApplication"
55-->src\main\AndroidManifest.xml:26:9-52
56        android:allowBackup="false"
56-->src\main\AndroidManifest.xml:27:9-36
57        android:appComponentFactory="androidx.core.app.CoreComponentFactory"
57-->[androidx.core:core:1.9.0] AndroidManifest.xml:28:18-86
58        android:debuggable="true"
58-->src\main\AndroidManifest.xml:28:9-34
59        android:icon="@drawable/jeetoapplogo2"
59-->src\main\AndroidManifest.xml:29:9-47
60        android:label="@string/app_name"
60-->src\main\AndroidManifest.xml:30:9-41
61        android:largeHeap="true"
61-->src\main\AndroidManifest.xml:31:9-33
62        android:roundIcon="@drawable/jeetoapplogo2"
62-->src\main\AndroidManifest.xml:32:9-52
63        android:supportsRtl="true"
63-->src\main\AndroidManifest.xml:33:9-35
64        android:testOnly="true"
65        android:theme="@style/AppTheme"
65-->src\main\AndroidManifest.xml:34:9-40
66        android:usesCleartextTraffic="true"
66-->src\main\AndroidManifest.xml:35:9-44
67        android:windowSoftInputMode="adjustPan" >
67-->[com.payumoney.core:payumoney-sdk:7.4.4] AndroidManifest.xml:27:9-48
68        <uses-library
68-->src\main\AndroidManifest.xml:39:9-41:40
69            android:name="org.apache.http.legacy"
69-->src\main\AndroidManifest.xml:40:13-50
70            android:required="false" />
70-->src\main\AndroidManifest.xml:41:13-37
71
72        <provider
73            android:name="androidx.core.content.FileProvider"
73-->src\main\AndroidManifest.xml:44:13-62
74            android:authorities="com.jeeto.cricket.provider"
74-->src\main\AndroidManifest.xml:45:13-60
75            android:exported="false"
75-->src\main\AndroidManifest.xml:46:13-37
76            android:grantUriPermissions="true" >
76-->src\main\AndroidManifest.xml:47:13-47
77            <meta-data
77-->src\main\AndroidManifest.xml:48:13-50:58
78                android:name="android.support.FILE_PROVIDER_PATHS"
78-->src\main\AndroidManifest.xml:49:17-67
79                android:resource="@xml/provider_paths" />
79-->src\main\AndroidManifest.xml:50:17-55
80        </provider>
81
82        <activity
82-->src\main\AndroidManifest.xml:53:9-62:20
83            android:name="com.jeeto.cricket.activity.SplashScreen"
83-->src\main\AndroidManifest.xml:54:13-50
84            android:exported="true"
84-->src\main\AndroidManifest.xml:55:13-36
85            android:screenOrientation="portrait" >
85-->src\main\AndroidManifest.xml:56:13-49
86            <intent-filter>
86-->src\main\AndroidManifest.xml:57:13-61:29
87                <action android:name="android.intent.action.MAIN" />
87-->src\main\AndroidManifest.xml:58:17-69
87-->src\main\AndroidManifest.xml:58:25-66
88
89                <category android:name="android.intent.category.LAUNCHER" />
89-->src\main\AndroidManifest.xml:60:17-77
89-->src\main\AndroidManifest.xml:60:27-74
90            </intent-filter>
91        </activity>
92        <activity
92-->src\main\AndroidManifest.xml:63:9-65:52
93            android:name="com.jeeto.cricket.activity.MainActivity"
93-->src\main\AndroidManifest.xml:64:13-50
94            android:screenOrientation="portrait" />
94-->src\main\AndroidManifest.xml:65:13-49
95        <activity
95-->src\main\AndroidManifest.xml:66:9-68:52
96            android:name="com.jeeto.cricket.activity.RegistrationActivity"
96-->src\main\AndroidManifest.xml:67:13-58
97            android:screenOrientation="portrait" />
97-->src\main\AndroidManifest.xml:68:13-49
98        <activity
98-->src\main\AndroidManifest.xml:69:9-71:52
99            android:name="com.jeeto.cricket.activity.HomeActivity"
99-->src\main\AndroidManifest.xml:70:13-50
100            android:screenOrientation="portrait" />
100-->src\main\AndroidManifest.xml:71:13-49
101        <activity
101-->src\main\AndroidManifest.xml:72:9-74:52
102            android:name="com.jeeto.cricket.activity.LoginActivity"
102-->src\main\AndroidManifest.xml:73:13-51
103            android:screenOrientation="portrait" />
103-->src\main\AndroidManifest.xml:74:13-49
104        <activity
104-->src\main\AndroidManifest.xml:75:9-77:52
105            android:name="com.jeeto.cricket.activity.VerifyOTPActivity"
105-->src\main\AndroidManifest.xml:76:13-55
106            android:screenOrientation="portrait" />
106-->src\main\AndroidManifest.xml:77:13-49
107
108        <receiver
108-->src\main\AndroidManifest.xml:79:9-85:20
109            android:name="com.jeeto.cricket.utils.IncomingSms"
109-->src\main\AndroidManifest.xml:80:13-46
110            android:exported="true" >
110-->src\main\AndroidManifest.xml:81:13-36
111            <intent-filter>
111-->src\main\AndroidManifest.xml:82:13-84:29
112                <action android:name="android.provider.Telephony.SMS_RECEIVED" />
112-->src\main\AndroidManifest.xml:83:17-82
112-->src\main\AndroidManifest.xml:83:25-79
113            </intent-filter>
114        </receiver>
115
116        <meta-data
116-->src\main\AndroidManifest.xml:87:9-89:55
117            android:name="com.facebook.sdk.ApplicationId"
117-->src\main\AndroidManifest.xml:88:13-58
118            android:value="@string/facebook_app_id" />
118-->src\main\AndroidManifest.xml:89:13-52
119
120        <activity
120-->src\main\AndroidManifest.xml:91:9-94:48
121            android:name="com.facebook.FacebookActivity"
121-->src\main\AndroidManifest.xml:92:13-57
122            android:configChanges="keyboard|keyboardHidden|screenLayout|screenSize|orientation"
122-->src\main\AndroidManifest.xml:93:13-96
123            android:label="@string/app_name"
123-->src\main\AndroidManifest.xml:94:13-45
124            android:theme="@style/com_facebook_activity_theme" />
124-->[com.facebook.android:facebook-common:4.37.0] AndroidManifest.xml:32:13-63
125        <activity
125-->src\main\AndroidManifest.xml:95:9-106:20
126            android:name="com.facebook.CustomTabActivity"
126-->src\main\AndroidManifest.xml:96:13-58
127            android:exported="true" >
127-->src\main\AndroidManifest.xml:97:13-36
128            <intent-filter>
128-->src\main\AndroidManifest.xml:98:13-105:29
129                <action android:name="android.intent.action.VIEW" />
129-->src\main\AndroidManifest.xml:99:17-69
129-->src\main\AndroidManifest.xml:99:25-66
130
131                <category android:name="android.intent.category.DEFAULT" />
131-->src\main\AndroidManifest.xml:101:17-76
131-->src\main\AndroidManifest.xml:101:27-73
132                <category android:name="android.intent.category.BROWSABLE" />
132-->src\main\AndroidManifest.xml:102:17-78
132-->src\main\AndroidManifest.xml:102:27-75
133
134                <data android:scheme="@string/fb_login_protocol_scheme" />
134-->src\main\AndroidManifest.xml:104:17-75
134-->src\main\AndroidManifest.xml:104:23-72
135            </intent-filter>
136        </activity>
137        <activity
137-->src\main\AndroidManifest.xml:107:9-109:52
138            android:name="com.jeeto.cricket.activity.ForgotVerifyOTPActivity"
138-->src\main\AndroidManifest.xml:108:13-61
139            android:screenOrientation="portrait" />
139-->src\main\AndroidManifest.xml:109:13-49
140        <activity
140-->src\main\AndroidManifest.xml:110:9-112:52
141            android:name="com.jeeto.cricket.activity.NewPasswordActivity"
141-->src\main\AndroidManifest.xml:111:13-57
142            android:screenOrientation="portrait" />
142-->src\main\AndroidManifest.xml:112:13-49
143        <activity
143-->src\main\AndroidManifest.xml:113:9-115:52
144            android:name="com.jeeto.cricket.activity.ContestListActivity"
144-->src\main\AndroidManifest.xml:114:13-57
145            android:screenOrientation="portrait" />
145-->src\main\AndroidManifest.xml:115:13-49
146        <activity
146-->src\main\AndroidManifest.xml:116:9-118:52
147            android:name="com.jeeto.cricket.activity.CreateTeamActivity"
147-->src\main\AndroidManifest.xml:117:13-56
148            android:screenOrientation="portrait" />
148-->src\main\AndroidManifest.xml:118:13-49
149        <activity
149-->src\main\AndroidManifest.xml:119:9-121:52
150            android:name="com.jeeto.cricket.activity.ChooseCandVCActivity"
150-->src\main\AndroidManifest.xml:120:13-58
151            android:screenOrientation="portrait" />
151-->src\main\AndroidManifest.xml:121:13-49
152        <activity
152-->src\main\AndroidManifest.xml:122:9-124:52
153            android:name="com.jeeto.cricket.activity.MyTeamListActivity"
153-->src\main\AndroidManifest.xml:123:13-56
154            android:screenOrientation="portrait" />
154-->src\main\AndroidManifest.xml:124:13-49
155        <activity
155-->src\main\AndroidManifest.xml:125:9-127:52
156            android:name="com.jeeto.cricket.activity.JoinContestActivity"
156-->src\main\AndroidManifest.xml:126:13-57
157            android:screenOrientation="portrait" />
157-->src\main\AndroidManifest.xml:127:13-49
158        <activity
158-->src\main\AndroidManifest.xml:128:9-130:52
159            android:name="com.jeeto.cricket.activity.MyJoinedFixtureContestListActivity"
159-->src\main\AndroidManifest.xml:129:13-72
160            android:screenOrientation="portrait" />
160-->src\main\AndroidManifest.xml:130:13-49
161        <activity
161-->src\main\AndroidManifest.xml:131:9-133:52
162            android:name="com.jeeto.cricket.activity.MyFixtureContestDetailsActivity"
162-->src\main\AndroidManifest.xml:132:13-69
163            android:screenOrientation="portrait" />
163-->src\main\AndroidManifest.xml:133:13-49
164        <activity
164-->src\main\AndroidManifest.xml:134:9-136:52
165            android:name="com.jeeto.cricket.activity.MyJoinedLiveContestListActivity"
165-->src\main\AndroidManifest.xml:135:13-69
166            android:screenOrientation="portrait" />
166-->src\main\AndroidManifest.xml:136:13-49
167        <activity
167-->src\main\AndroidManifest.xml:137:9-139:52
168            android:name="com.jeeto.cricket.activity.MyJoinedResultContestListActivity"
168-->src\main\AndroidManifest.xml:138:13-71
169            android:screenOrientation="portrait" />
169-->src\main\AndroidManifest.xml:139:13-49
170        <activity android:name="com.jeeto.cricket.activity.MyResultContestDetailsActivity" />
170-->src\main\AndroidManifest.xml:140:9-77
170-->src\main\AndroidManifest.xml:140:19-74
171        <activity android:name="com.jeeto.cricket.activity.MyLiveContestDetailsActivity" />
171-->src\main\AndroidManifest.xml:141:9-75
171-->src\main\AndroidManifest.xml:141:19-72
172        <activity android:name="com.jeeto.cricket.activity.PaymentOptionActivity" />
172-->src\main\AndroidManifest.xml:142:9-68
172-->src\main\AndroidManifest.xml:142:19-65
173        <activity android:name="com.jeeto.cricket.activity.MyAccountActivity" />
173-->src\main\AndroidManifest.xml:143:9-64
173-->src\main\AndroidManifest.xml:143:19-61
174        <activity android:name="com.jeeto.cricket.activity.PaytmActivity" />
174-->src\main\AndroidManifest.xml:144:9-60
174-->src\main\AndroidManifest.xml:144:19-57
175        <activity
175-->src\main\AndroidManifest.xml:145:9-148:52
176            android:name="com.paytm.pgsdk.PaytmPGActivity"
176-->src\main\AndroidManifest.xml:146:13-59
177            android:configChanges="keyboardHidden|orientation|keyboard"
177-->src\main\AndroidManifest.xml:147:13-72
178            android:screenOrientation="portrait" />
178-->src\main\AndroidManifest.xml:148:13-49
179        <activity
179-->src\main\AndroidManifest.xml:149:9-151:52
180            android:name="com.jeeto.cricket.activity.EditProfileActivity"
180-->src\main\AndroidManifest.xml:150:13-57
181            android:screenOrientation="portrait" />
181-->src\main\AndroidManifest.xml:151:13-49
182        <activity
182-->src\main\AndroidManifest.xml:152:9-154:52
183            android:name="com.jeeto.cricket.activity.AddCashActivity"
183-->src\main\AndroidManifest.xml:153:13-53
184            android:screenOrientation="portrait" />
184-->src\main\AndroidManifest.xml:154:13-49
185        <activity
185-->src\main\AndroidManifest.xml:155:9-157:52
186            android:name="com.jeeto.cricket.activity.MyTransactionActivity"
186-->src\main\AndroidManifest.xml:156:13-59
187            android:screenOrientation="portrait" />
187-->src\main\AndroidManifest.xml:157:13-49
188        <activity
188-->src\main\AndroidManifest.xml:158:9-160:52
189            android:name="com.jeeto.cricket.activity.NotificationActivity"
189-->src\main\AndroidManifest.xml:159:13-58
190            android:screenOrientation="portrait" />
190-->src\main\AndroidManifest.xml:160:13-49
191        <activity
191-->src\main\AndroidManifest.xml:161:9-163:52
192            android:name="com.jeeto.cricket.activity.InviteFriendsActivity"
192-->src\main\AndroidManifest.xml:162:13-59
193            android:screenOrientation="portrait" />
193-->src\main\AndroidManifest.xml:163:13-49
194        <activity android:name="com.jeeto.cricket.activity.InvitedFriendListActivity" />
194-->src\main\AndroidManifest.xml:164:9-72
194-->src\main\AndroidManifest.xml:164:19-69
195        <activity
195-->src\main\AndroidManifest.xml:165:9-167:52
196            android:name="com.jeeto.cricket.activity.PaymentConfirmationActivity"
196-->src\main\AndroidManifest.xml:166:13-65
197            android:screenOrientation="portrait" />
197-->src\main\AndroidManifest.xml:167:13-49
198        <activity android:name="com.jeeto.cricket.activity.WebviewAcitivity" />
198-->src\main\AndroidManifest.xml:168:9-63
198-->src\main\AndroidManifest.xml:168:19-60
199        <activity android:name="com.jeeto.cricket.activity.WithdrawAmountActivity" />
199-->src\main\AndroidManifest.xml:169:9-69
199-->src\main\AndroidManifest.xml:169:19-66
200        <activity android:name="com.jeeto.cricket.activity.PayUMoneyPaymentActivity" />
200-->src\main\AndroidManifest.xml:170:9-71
200-->src\main\AndroidManifest.xml:170:19-68
201        <activity
201-->src\main\AndroidManifest.xml:171:9-173:52
202            android:name="com.jeeto.cricket.activity.GlobalRankActivity"
202-->src\main\AndroidManifest.xml:172:13-56
203            android:screenOrientation="portrait" />
203-->src\main\AndroidManifest.xml:173:13-49
204        <activity
204-->src\main\AndroidManifest.xml:174:9-176:39
205            android:name="com.payu.custombrowser.PreLollipopPaymentsActivity"
205-->src\main\AndroidManifest.xml:175:13-78
206            android:exported="true" >
206-->src\main\AndroidManifest.xml:176:13-36
207            <intent-filter>
207-->[com.payu.custombrowser:payu-custom-browser:7.2.1] AndroidManifest.xml:28:13-35:29
208                <data android:scheme="com.jeeto.cricket.success" />
208-->src\main\AndroidManifest.xml:104:17-75
208-->src\main\AndroidManifest.xml:104:23-72
209
210                <action android:name="android.intent.action.VIEW" />
210-->src\main\AndroidManifest.xml:99:17-69
210-->src\main\AndroidManifest.xml:99:25-66
211
212                <category android:name="android.intent.category.DEFAULT" />
212-->src\main\AndroidManifest.xml:101:17-76
212-->src\main\AndroidManifest.xml:101:27-73
213                <category android:name="android.intent.category.BROWSABLE" />
213-->src\main\AndroidManifest.xml:102:17-78
213-->src\main\AndroidManifest.xml:102:27-75
214            </intent-filter>
215            <intent-filter>
215-->[com.payu.custombrowser:payu-custom-browser:7.2.1] AndroidManifest.xml:36:13-43:29
216                <data android:scheme="com.jeeto.cricket.failure" />
216-->src\main\AndroidManifest.xml:104:17-75
216-->src\main\AndroidManifest.xml:104:23-72
217
218                <action android:name="android.intent.action.VIEW" />
218-->src\main\AndroidManifest.xml:99:17-69
218-->src\main\AndroidManifest.xml:99:25-66
219
220                <category android:name="android.intent.category.DEFAULT" />
220-->src\main\AndroidManifest.xml:101:17-76
220-->src\main\AndroidManifest.xml:101:27-73
221                <category android:name="android.intent.category.BROWSABLE" />
221-->src\main\AndroidManifest.xml:102:17-78
221-->src\main\AndroidManifest.xml:102:27-75
222            </intent-filter>
223        </activity>
224
225        <service
225-->src\main\AndroidManifest.xml:178:9-185:19
226            android:name="com.jeeto.cricket.FirebaseMessagingService"
226-->src\main\AndroidManifest.xml:179:13-53
227            android:enabled="true"
227-->src\main\AndroidManifest.xml:180:13-35
228            android:exported="true" >
228-->src\main\AndroidManifest.xml:181:13-36
229            <intent-filter>
229-->src\main\AndroidManifest.xml:182:13-184:29
230                <action android:name="com.google.firebase.MESSAGING_EVENT" />
230-->src\main\AndroidManifest.xml:183:17-78
230-->src\main\AndroidManifest.xml:183:25-75
231            </intent-filter>
232        </service>
233        <service
233-->src\main\AndroidManifest.xml:186:9-193:19
234            android:name="com.jeeto.cricket.FirebaseInstanceIDService"
234-->src\main\AndroidManifest.xml:187:13-54
235            android:enabled="true"
235-->src\main\AndroidManifest.xml:188:13-35
236            android:exported="true" >
236-->src\main\AndroidManifest.xml:189:13-36
237            <intent-filter>
237-->src\main\AndroidManifest.xml:190:13-192:29
238                <action android:name="com.google.firebase.INSTANCE_ID_EVENT" />
238-->src\main\AndroidManifest.xml:191:17-80
238-->src\main\AndroidManifest.xml:191:25-77
239            </intent-filter>
240        </service>
241
242        <activity
242-->src\main\AndroidManifest.xml:195:9-197:52
243            android:name="com.jeeto.cricket.activity.UploadKYCActivity"
243-->src\main\AndroidManifest.xml:196:13-55
244            android:screenOrientation="portrait" />
244-->src\main\AndroidManifest.xml:197:13-49
245        <activity
245-->src\main\AndroidManifest.xml:198:9-200:52
246            android:name="com.jeeto.cricket.activity.CreateContestActivity"
246-->src\main\AndroidManifest.xml:199:13-59
247            android:screenOrientation="portrait" />
247-->src\main\AndroidManifest.xml:200:13-49
248        <activity
248-->src\main\AndroidManifest.xml:201:9-203:52
249            android:name="com.jeeto.cricket.activity.SelectPrizeCreateActivity"
249-->src\main\AndroidManifest.xml:202:13-63
250            android:screenOrientation="portrait" />
250-->src\main\AndroidManifest.xml:203:13-49
251        <activity
251-->src\main\AndroidManifest.xml:204:9-206:52
252            android:name="com.jeeto.cricket.activity.EnterInviteCodeContestActivity"
252-->src\main\AndroidManifest.xml:205:13-68
253            android:screenOrientation="portrait" />
253-->src\main\AndroidManifest.xml:206:13-49
254        <activity
254-->src\main\AndroidManifest.xml:207:9-209:52
255            android:name="com.jeeto.cricket.activity.InviteInContestActivity"
255-->src\main\AndroidManifest.xml:208:13-61
256            android:screenOrientation="portrait" />
256-->src\main\AndroidManifest.xml:209:13-49
257        <activity
257-->src\main\AndroidManifest.xml:210:9-212:52
258            android:name="com.jeeto.cricket.activity.TrakNPayActivity"
258-->src\main\AndroidManifest.xml:211:13-54
259            android:screenOrientation="portrait" />
259-->src\main\AndroidManifest.xml:212:13-49
260        <activity
260-->src\main\AndroidManifest.xml:213:9-215:52
261            android:name="com.jeeto.cricket.activity.CashfreeActivity"
261-->src\main\AndroidManifest.xml:214:13-54
262            android:screenOrientation="portrait" />
262-->src\main\AndroidManifest.xml:215:13-49
263        <activity
263-->[com.payumoney.sdkui:plug-n-play:1.4.5] AndroidManifest.xml:19:9-24:55
264            android:name="com.payumoney.sdkui.ui.activities.PayUmoneyActivity"
264-->[com.payumoney.sdkui:plug-n-play:1.4.5] AndroidManifest.xml:20:13-79
265            android:label="@string/title_activity_citrus"
265-->[com.payumoney.sdkui:plug-n-play:1.4.5] AndroidManifest.xml:21:13-58
266            android:screenOrientation="portrait"
266-->[com.payumoney.sdkui:plug-n-play:1.4.5] AndroidManifest.xml:22:13-49
267            android:theme="@style/PayumoneyAppTheme"
267-->[com.payumoney.sdkui:plug-n-play:1.4.5] AndroidManifest.xml:23:13-53
268            android:windowSoftInputMode="adjustPan" />
268-->[com.payumoney.sdkui:plug-n-play:1.4.5] AndroidManifest.xml:24:13-52
269        <activity
269-->[com.payumoney.sdkui:plug-n-play:1.4.5] AndroidManifest.xml:25:9-28:56
270            android:name="com.payumoney.sdkui.ui.activities.ReviewOrderActivity"
270-->[com.payumoney.sdkui:plug-n-play:1.4.5] AndroidManifest.xml:26:13-81
271            android:screenOrientation="portrait"
271-->[com.payumoney.sdkui:plug-n-play:1.4.5] AndroidManifest.xml:27:13-49
272            android:theme="@style/PayumoneyAppTheme" />
272-->[com.payumoney.sdkui:plug-n-play:1.4.5] AndroidManifest.xml:28:13-53
273        <activity
273-->[com.payumoney.core:payumoney-sdk:7.4.4] AndroidManifest.xml:28:9-31:72
274            android:name="com.payumoney.core.SdkWebViewActivityNew"
274-->[com.payumoney.core:payumoney-sdk:7.4.4] AndroidManifest.xml:29:13-68
275            android:screenOrientation="portrait"
275-->[com.payumoney.core:payumoney-sdk:7.4.4] AndroidManifest.xml:30:13-49
276            android:theme="@style/Theme.AppCompat.Light.NoActionBar" />
276-->[com.payumoney.core:payumoney-sdk:7.4.4] AndroidManifest.xml:31:13-69
277        <activity
277-->[com.payumoney.core:payumoney-sdk:7.4.4] AndroidManifest.xml:32:9-37:59
278            android:name="com.payu.custombrowser.CBActivity"
278-->[com.payumoney.core:payumoney-sdk:7.4.4] AndroidManifest.xml:33:13-61
279            android:screenOrientation="portrait"
279-->[com.payumoney.core:payumoney-sdk:7.4.4] AndroidManifest.xml:34:13-49
280            android:theme="@style/Theme.AppCompat"
280-->[com.payumoney.core:payumoney-sdk:7.4.4] AndroidManifest.xml:35:13-51
281            android:windowSoftInputMode="stateAlwaysHidden" />
281-->[com.payumoney.core:payumoney-sdk:7.4.4] AndroidManifest.xml:36:13-60
282        <activity android:name="com.facebook.CustomTabMainActivity" />
282-->[com.facebook.android:facebook-common:4.37.0] AndroidManifest.xml:33:9-71
282-->[com.facebook.android:facebook-common:4.37.0] AndroidManifest.xml:33:19-68
283
284        <receiver android:name="com.google.android.gms.cast.framework.media.MediaIntentReceiver" />
284-->[com.google.android.gms:play-services-cast-framework:12.0.1] AndroidManifest.xml:8:9-100
284-->[com.google.android.gms:play-services-cast-framework:12.0.1] AndroidManifest.xml:8:19-97
285
286        <service android:name="com.google.android.gms.cast.framework.media.MediaNotificationService" />
286-->[com.google.android.gms:play-services-cast-framework:12.0.1] AndroidManifest.xml:10:9-104
286-->[com.google.android.gms:play-services-cast-framework:12.0.1] AndroidManifest.xml:10:18-101
287        <service android:name="com.google.android.gms.cast.framework.ReconnectionService" />
287-->[com.google.android.gms:play-services-cast-framework:12.0.1] AndroidManifest.xml:11:9-93
287-->[com.google.android.gms:play-services-cast-framework:12.0.1] AndroidManifest.xml:11:18-90
288        <service android:name="com.payu.custombrowser.services.SnoozeService" />
288-->[com.payu.custombrowser:payu-custom-browser:7.2.1] AndroidManifest.xml:22:9-81
288-->[com.payu.custombrowser:payu-custom-browser:7.2.1] AndroidManifest.xml:22:18-78
289
290        <activity
290-->[com.payu.custombrowser:payu-custom-browser:7.2.1] AndroidManifest.xml:24:9-26:56
291            android:name="com.payu.custombrowser.upiintent.PaymentResponseActivity"
291-->[com.payu.custombrowser:payu-custom-browser:7.2.1] AndroidManifest.xml:25:13-84
292            android:theme="@style/Theme.Transparent" />
292-->[com.payu.custombrowser:payu-custom-browser:7.2.1] AndroidManifest.xml:26:13-53
293        <activity android:name="com.payu.custombrowser.PrePaymentsActivity" />
293-->[com.payu.custombrowser:payu-custom-browser:7.2.1] AndroidManifest.xml:45:9-79
293-->[com.payu.custombrowser:payu-custom-browser:7.2.1] AndroidManifest.xml:45:19-76
294        <activity android:name="com.payu.magicretry.MainActivity" >
294-->[com.payu.magicretry:magicretry:1.0.6] AndroidManifest.xml:12:9-21:20
294-->[com.payu.magicretry:magicretry:1.0.6] AndroidManifest.xml:12:19-66
295
296            <!--
297            intent-filter>